{"C:\\Users\\matth\\OneDrive\\Documents\\Fall 2024\\Web Services\\Sports-Stop\\server.js": {"path":"C:\\Users\\matth\\OneDrive\\Documents\\Fall 2024\\Web Services\\Sports-Stop\\server.js","statementMap":{"0":{"start":{"line":1,"column":16},"end":{"line":1,"column":34}},"1":{"start":{"line":2,"column":19},"end":{"line":2,"column":41}},"2":{"start":{"line":3,"column":16},"end":{"line":3,"column":42}},"3":{"start":{"line":5,"column":12},"end":{"line":5,"column":21}},"4":{"start":{"line":6,"column":13},"end":{"line":6,"column":37}},"5":{"start":{"line":7,"column":0},"end":{"line":14,"column":2}},"6":{"start":{"line":8,"column":4},"end":{"line":13,"column":5}},"7":{"start":{"line":9,"column":8},"end":{"line":9,"column":24}},"8":{"start":{"line":12,"column":8},"end":{"line":12,"column":104}},"9":{"start":{"line":12,"column":32},"end":{"line":12,"column":101}},"10":{"start":{"line":15,"column":17},"end":{"line":15,"column":36}},"11":{"start":{"line":16,"column":16},"end":{"line":16,"column":42}},"12":{"start":{"line":17,"column":23},"end":{"line":17,"column":59}},"13":{"start":{"line":18,"column":13},"end":{"line":18,"column":28}},"14":{"start":{"line":24,"column":1},"end":{"line":44,"column":44}},"15":{"start":{"line":34,"column":8},"end":{"line":34,"column":58}},"16":{"start":{"line":35,"column":8},"end":{"line":38,"column":14}},"17":{"start":{"line":39,"column":12},"end":{"line":39,"column":93}},"18":{"start":{"line":40,"column":17},"end":{"line":40,"column":24}},"19":{"start":{"line":47,"column":4},"end":{"line":57,"column":7}},"20":{"start":{"line":54,"column":12},"end":{"line":54,"column":39}},"21":{"start":{"line":59,"column":4},"end":{"line":61,"column":7}},"22":{"start":{"line":60,"column":8},"end":{"line":60,"column":25}},"23":{"start":{"line":62,"column":4},"end":{"line":64,"column":7}},"24":{"start":{"line":63,"column":8},"end":{"line":63,"column":25}},"25":{"start":{"line":66,"column":4},"end":{"line":68,"column":7}},"26":{"start":{"line":67,"column":8},"end":{"line":67,"column":112}},"27":{"start":{"line":70,"column":4},"end":{"line":75,"column":7}},"28":{"start":{"line":73,"column":8},"end":{"line":73,"column":36}},"29":{"start":{"line":74,"column":8},"end":{"line":74,"column":26}},"30":{"start":{"line":79,"column":0},"end":{"line":79,"column":21}}},"fnMap":{"0":{"name":"(anonymous_0)","decl":{"start":{"line":7,"column":15},"end":{"line":7,"column":16}},"loc":{"start":{"line":7,"column":24},"end":{"line":14,"column":1}},"line":7},"1":{"name":"(anonymous_1)","decl":{"start":{"line":12,"column":25},"end":{"line":12,"column":26}},"loc":{"start":{"line":12,"column":31},"end":{"line":12,"column":102}},"line":12},"2":{"name":"(anonymous_2)","decl":{"start":{"line":33,"column":9},"end":{"line":33,"column":10}},"loc":{"start":{"line":33,"column":29},"end":{"line":41,"column":5}},"line":33},"3":{"name":"(anonymous_3)","decl":{"start":{"line":52,"column":4},"end":{"line":52,"column":5}},"loc":{"start":{"line":52,"column":55},"end":{"line":56,"column":5}},"line":52},"4":{"name":"(anonymous_4)","decl":{"start":{"line":59,"column":27},"end":{"line":59,"column":28}},"loc":{"start":{"line":59,"column":43},"end":{"line":61,"column":5}},"line":59},"5":{"name":"(anonymous_5)","decl":{"start":{"line":62,"column":29},"end":{"line":62,"column":30}},"loc":{"start":{"line":62,"column":44},"end":{"line":64,"column":5}},"line":62},"6":{"name":"(anonymous_6)","decl":{"start":{"line":66,"column":17},"end":{"line":66,"column":18}},"loc":{"start":{"line":66,"column":31},"end":{"line":68,"column":5}},"line":66},"7":{"name":"(anonymous_7)","decl":{"start":{"line":72,"column":4},"end":{"line":72,"column":5}},"loc":{"start":{"line":72,"column":17},"end":{"line":75,"column":5}},"line":72}},"branchMap":{"0":{"loc":{"start":{"line":6,"column":13},"end":{"line":6,"column":37}},"type":"binary-expr","locations":[{"start":{"line":6,"column":13},"end":{"line":6,"column":29}},{"start":{"line":6,"column":33},"end":{"line":6,"column":37}}],"line":6},"1":{"loc":{"start":{"line":8,"column":4},"end":{"line":13,"column":5}},"type":"if","locations":[{"start":{"line":8,"column":4},"end":{"line":13,"column":5}},{"start":{"line":11,"column":9},"end":{"line":13,"column":5}}],"line":8},"2":{"loc":{"start":{"line":67,"column":17},"end":{"line":67,"column":111}},"type":"cond-expr","locations":[{"start":{"line":67,"column":50},"end":{"line":67,"column":96}},{"start":{"line":67,"column":99},"end":{"line":67,"column":111}}],"line":67}},"s":{"0":1,"1":1,"2":1,"3":1,"4":1,"5":1,"6":0,"7":0,"8":0,"9":0,"10":1,"11":1,"12":1,"13":1,"14":1,"15":0,"16":0,"17":0,"18":0,"19":1,"20":0,"21":1,"22":0,"23":1,"24":0,"25":1,"26":0,"27":1,"28":0,"29":0,"30":1},"f":{"0":0,"1":0,"2":0,"3":0,"4":0,"5":0,"6":0,"7":0},"b":{"0":[1,1],"1":[0,0],"2":[0,0]},"_coverageSchema":"1a1c01bbd47fc00a2c39e90264f33305004495a9","hash":"e8659dff477a4b61205f00f86b4467e4e2c83c0d"}
,"C:\\Users\\matth\\OneDrive\\Documents\\Fall 2024\\Web Services\\Sports-Stop\\controllers\\auction.js": {"path":"C:\\Users\\matth\\OneDrive\\Documents\\Fall 2024\\Web Services\\Sports-Stop\\controllers\\auction.js","statementMap":{"0":{"start":{"line":1,"column":16},"end":{"line":1,"column":43}},"1":{"start":{"line":2,"column":17},"end":{"line":2,"column":44}},"2":{"start":{"line":4,"column":15},"end":{"line":11,"column":1}},"3":{"start":{"line":6,"column":19},"end":{"line":6,"column":81}},"4":{"start":{"line":7,"column":4},"end":{"line":10,"column":7}},"5":{"start":{"line":8,"column":8},"end":{"line":8,"column":58}},"6":{"start":{"line":9,"column":8},"end":{"line":9,"column":39}},"7":{"start":{"line":13,"column":18},"end":{"line":21,"column":1}},"8":{"start":{"line":15,"column":22},"end":{"line":15,"column":49}},"9":{"start":{"line":16,"column":19},"end":{"line":16,"column":100}},"10":{"start":{"line":17,"column":4},"end":{"line":20,"column":7}},"11":{"start":{"line":18,"column":8},"end":{"line":18,"column":58}},"12":{"start":{"line":19,"column":8},"end":{"line":19,"column":42}},"13":{"start":{"line":23,"column":22},"end":{"line":40,"column":1}},"14":{"start":{"line":25,"column":20},"end":{"line":33,"column":5}},"15":{"start":{"line":34,"column":21},"end":{"line":34,"column":95}},"16":{"start":{"line":35,"column":4},"end":{"line":39,"column":5}},"17":{"start":{"line":36,"column":8},"end":{"line":36,"column":31}},"18":{"start":{"line":38,"column":8},"end":{"line":38,"column":98}},"19":{"start":{"line":42,"column":22},"end":{"line":60,"column":1}},"20":{"start":{"line":44,"column":22},"end":{"line":44,"column":49}},"21":{"start":{"line":45,"column":20},"end":{"line":53,"column":5}},"22":{"start":{"line":54,"column":21},"end":{"line":54,"column":116}},"23":{"start":{"line":55,"column":4},"end":{"line":59,"column":5}},"24":{"start":{"line":56,"column":8},"end":{"line":56,"column":31}},"25":{"start":{"line":58,"column":8},"end":{"line":58,"column":98}},"26":{"start":{"line":62,"column":22},"end":{"line":71,"column":1}},"27":{"start":{"line":64,"column":22},"end":{"line":64,"column":49}},"28":{"start":{"line":65,"column":21},"end":{"line":65,"column":106}},"29":{"start":{"line":66,"column":4},"end":{"line":70,"column":5}},"30":{"start":{"line":67,"column":8},"end":{"line":67,"column":31}},"31":{"start":{"line":69,"column":8},"end":{"line":69,"column":98}},"32":{"start":{"line":75,"column":0},"end":{"line":81,"column":1}}},"fnMap":{"0":{"name":"(anonymous_0)","decl":{"start":{"line":4,"column":15},"end":{"line":4,"column":16}},"loc":{"start":{"line":4,"column":35},"end":{"line":11,"column":1}},"line":4},"1":{"name":"(anonymous_1)","decl":{"start":{"line":7,"column":26},"end":{"line":7,"column":27}},"loc":{"start":{"line":7,"column":40},"end":{"line":10,"column":5}},"line":7},"2":{"name":"(anonymous_2)","decl":{"start":{"line":13,"column":18},"end":{"line":13,"column":19}},"loc":{"start":{"line":13,"column":38},"end":{"line":21,"column":1}},"line":13},"3":{"name":"(anonymous_3)","decl":{"start":{"line":17,"column":26},"end":{"line":17,"column":27}},"loc":{"start":{"line":17,"column":40},"end":{"line":20,"column":5}},"line":17},"4":{"name":"(anonymous_4)","decl":{"start":{"line":23,"column":22},"end":{"line":23,"column":23}},"loc":{"start":{"line":23,"column":42},"end":{"line":40,"column":1}},"line":23},"5":{"name":"(anonymous_5)","decl":{"start":{"line":42,"column":22},"end":{"line":42,"column":23}},"loc":{"start":{"line":42,"column":42},"end":{"line":60,"column":1}},"line":42},"6":{"name":"(anonymous_6)","decl":{"start":{"line":62,"column":22},"end":{"line":62,"column":23}},"loc":{"start":{"line":62,"column":42},"end":{"line":71,"column":1}},"line":62}},"branchMap":{"0":{"loc":{"start":{"line":35,"column":4},"end":{"line":39,"column":5}},"type":"if","locations":[{"start":{"line":35,"column":4},"end":{"line":39,"column":5}},{"start":{"line":37,"column":11},"end":{"line":39,"column":5}}],"line":35},"1":{"loc":{"start":{"line":38,"column":29},"end":{"line":38,"column":96}},"type":"binary-expr","locations":[{"start":{"line":38,"column":29},"end":{"line":38,"column":43}},{"start":{"line":38,"column":47},"end":{"line":38,"column":96}}],"line":38},"2":{"loc":{"start":{"line":55,"column":4},"end":{"line":59,"column":5}},"type":"if","locations":[{"start":{"line":55,"column":4},"end":{"line":59,"column":5}},{"start":{"line":57,"column":11},"end":{"line":59,"column":5}}],"line":55},"3":{"loc":{"start":{"line":58,"column":29},"end":{"line":58,"column":96}},"type":"binary-expr","locations":[{"start":{"line":58,"column":29},"end":{"line":58,"column":43}},{"start":{"line":58,"column":47},"end":{"line":58,"column":96}}],"line":58},"4":{"loc":{"start":{"line":66,"column":4},"end":{"line":70,"column":5}},"type":"if","locations":[{"start":{"line":66,"column":4},"end":{"line":70,"column":5}},{"start":{"line":68,"column":11},"end":{"line":70,"column":5}}],"line":66},"5":{"loc":{"start":{"line":69,"column":29},"end":{"line":69,"column":96}},"type":"binary-expr","locations":[{"start":{"line":69,"column":29},"end":{"line":69,"column":43}},{"start":{"line":69,"column":47},"end":{"line":69,"column":96}}],"line":69}},"s":{"0":1,"1":1,"2":1,"3":0,"4":0,"5":0,"6":0,"7":1,"8":0,"9":0,"10":0,"11":0,"12":0,"13":1,"14":0,"15":0,"16":0,"17":0,"18":0,"19":1,"20":0,"21":0,"22":0,"23":0,"24":0,"25":0,"26":1,"27":0,"28":0,"29":0,"30":0,"31":0,"32":1},"f":{"0":0,"1":0,"2":0,"3":0,"4":0,"5":0,"6":0},"b":{"0":[0,0],"1":[0,0],"2":[0,0],"3":[0,0],"4":[0,0],"5":[0,0]},"_coverageSchema":"1a1c01bbd47fc00a2c39e90264f33305004495a9","hash":"b7dff052295a68bcc3c87655277937341420744d"}
,"C:\\Users\\matth\\OneDrive\\Documents\\Fall 2024\\Web Services\\Sports-Stop\\controllers\\reviews.js": {"path":"C:\\Users\\matth\\OneDrive\\Documents\\Fall 2024\\Web Services\\Sports-Stop\\controllers\\reviews.js","statementMap":{"0":{"start":{"line":1,"column":16},"end":{"line":1,"column":43}},"1":{"start":{"line":2,"column":17},"end":{"line":2,"column":44}},"2":{"start":{"line":4,"column":15},"end":{"line":11,"column":1}},"3":{"start":{"line":6,"column":19},"end":{"line":6,"column":80}},"4":{"start":{"line":7,"column":4},"end":{"line":10,"column":7}},"5":{"start":{"line":8,"column":8},"end":{"line":8,"column":58}},"6":{"start":{"line":9,"column":8},"end":{"line":9,"column":38}},"7":{"start":{"line":13,"column":18},"end":{"line":21,"column":1}},"8":{"start":{"line":15,"column":21},"end":{"line":15,"column":48}},"9":{"start":{"line":16,"column":19},"end":{"line":16,"column":98}},"10":{"start":{"line":17,"column":4},"end":{"line":20,"column":7}},"11":{"start":{"line":18,"column":8},"end":{"line":18,"column":58}},"12":{"start":{"line":19,"column":8},"end":{"line":19,"column":41}},"13":{"start":{"line":23,"column":21},"end":{"line":38,"column":1}},"14":{"start":{"line":25,"column":19},"end":{"line":31,"column":5}},"15":{"start":{"line":32,"column":21},"end":{"line":32,"column":93}},"16":{"start":{"line":33,"column":4},"end":{"line":37,"column":5}},"17":{"start":{"line":34,"column":8},"end":{"line":34,"column":31}},"18":{"start":{"line":36,"column":8},"end":{"line":36,"column":97}},"19":{"start":{"line":40,"column":21},"end":{"line":56,"column":1}},"20":{"start":{"line":42,"column":21},"end":{"line":42,"column":48}},"21":{"start":{"line":43,"column":19},"end":{"line":49,"column":5}},"22":{"start":{"line":50,"column":21},"end":{"line":50,"column":113}},"23":{"start":{"line":51,"column":4},"end":{"line":55,"column":5}},"24":{"start":{"line":52,"column":8},"end":{"line":52,"column":31}},"25":{"start":{"line":54,"column":8},"end":{"line":54,"column":97}},"26":{"start":{"line":58,"column":21},"end":{"line":67,"column":1}},"27":{"start":{"line":60,"column":21},"end":{"line":60,"column":48}},"28":{"start":{"line":61,"column":21},"end":{"line":61,"column":104}},"29":{"start":{"line":62,"column":4},"end":{"line":66,"column":5}},"30":{"start":{"line":63,"column":8},"end":{"line":63,"column":31}},"31":{"start":{"line":65,"column":8},"end":{"line":65,"column":97}},"32":{"start":{"line":71,"column":0},"end":{"line":77,"column":1}}},"fnMap":{"0":{"name":"(anonymous_0)","decl":{"start":{"line":4,"column":15},"end":{"line":4,"column":16}},"loc":{"start":{"line":4,"column":35},"end":{"line":11,"column":1}},"line":4},"1":{"name":"(anonymous_1)","decl":{"start":{"line":7,"column":26},"end":{"line":7,"column":27}},"loc":{"start":{"line":7,"column":39},"end":{"line":10,"column":5}},"line":7},"2":{"name":"(anonymous_2)","decl":{"start":{"line":13,"column":18},"end":{"line":13,"column":19}},"loc":{"start":{"line":13,"column":38},"end":{"line":21,"column":1}},"line":13},"3":{"name":"(anonymous_3)","decl":{"start":{"line":17,"column":26},"end":{"line":17,"column":27}},"loc":{"start":{"line":17,"column":39},"end":{"line":20,"column":5}},"line":17},"4":{"name":"(anonymous_4)","decl":{"start":{"line":23,"column":21},"end":{"line":23,"column":22}},"loc":{"start":{"line":23,"column":41},"end":{"line":38,"column":1}},"line":23},"5":{"name":"(anonymous_5)","decl":{"start":{"line":40,"column":21},"end":{"line":40,"column":22}},"loc":{"start":{"line":40,"column":41},"end":{"line":56,"column":1}},"line":40},"6":{"name":"(anonymous_6)","decl":{"start":{"line":58,"column":21},"end":{"line":58,"column":22}},"loc":{"start":{"line":58,"column":41},"end":{"line":67,"column":1}},"line":58}},"branchMap":{"0":{"loc":{"start":{"line":33,"column":4},"end":{"line":37,"column":5}},"type":"if","locations":[{"start":{"line":33,"column":4},"end":{"line":37,"column":5}},{"start":{"line":35,"column":11},"end":{"line":37,"column":5}}],"line":33},"1":{"loc":{"start":{"line":36,"column":29},"end":{"line":36,"column":95}},"type":"binary-expr","locations":[{"start":{"line":36,"column":29},"end":{"line":36,"column":43}},{"start":{"line":36,"column":47},"end":{"line":36,"column":95}}],"line":36},"2":{"loc":{"start":{"line":51,"column":4},"end":{"line":55,"column":5}},"type":"if","locations":[{"start":{"line":51,"column":4},"end":{"line":55,"column":5}},{"start":{"line":53,"column":11},"end":{"line":55,"column":5}}],"line":51},"3":{"loc":{"start":{"line":54,"column":29},"end":{"line":54,"column":95}},"type":"binary-expr","locations":[{"start":{"line":54,"column":29},"end":{"line":54,"column":43}},{"start":{"line":54,"column":47},"end":{"line":54,"column":95}}],"line":54},"4":{"loc":{"start":{"line":62,"column":4},"end":{"line":66,"column":5}},"type":"if","locations":[{"start":{"line":62,"column":4},"end":{"line":66,"column":5}},{"start":{"line":64,"column":11},"end":{"line":66,"column":5}}],"line":62},"5":{"loc":{"start":{"line":65,"column":29},"end":{"line":65,"column":95}},"type":"binary-expr","locations":[{"start":{"line":65,"column":29},"end":{"line":65,"column":43}},{"start":{"line":65,"column":47},"end":{"line":65,"column":95}}],"line":65}},"s":{"0":1,"1":1,"2":1,"3":0,"4":0,"5":0,"6":0,"7":1,"8":0,"9":0,"10":0,"11":0,"12":0,"13":1,"14":0,"15":0,"16":0,"17":0,"18":0,"19":1,"20":0,"21":0,"22":0,"23":0,"24":0,"25":0,"26":1,"27":0,"28":0,"29":0,"30":0,"31":0,"32":1},"f":{"0":0,"1":0,"2":0,"3":0,"4":0,"5":0,"6":0},"b":{"0":[0,0],"1":[0,0],"2":[0,0],"3":[0,0],"4":[0,0],"5":[0,0]},"_coverageSchema":"1a1c01bbd47fc00a2c39e90264f33305004495a9","hash":"64df109d257628e944006e983c96df15e194a48c"}
,"C:\\Users\\matth\\OneDrive\\Documents\\Fall 2024\\Web Services\\Sports-Stop\\controllers\\stores.js": {"path":"C:\\Users\\matth\\OneDrive\\Documents\\Fall 2024\\Web Services\\Sports-Stop\\controllers\\stores.js","statementMap":{"0":{"start":{"line":1,"column":16},"end":{"line":1,"column":43}},"1":{"start":{"line":2,"column":17},"end":{"line":2,"column":44}},"2":{"start":{"line":4,"column":15},"end":{"line":11,"column":1}},"3":{"start":{"line":6,"column":19},"end":{"line":6,"column":79}},"4":{"start":{"line":7,"column":4},"end":{"line":10,"column":7}},"5":{"start":{"line":8,"column":8},"end":{"line":8,"column":58}},"6":{"start":{"line":9,"column":8},"end":{"line":9,"column":37}},"7":{"start":{"line":13,"column":18},"end":{"line":21,"column":1}},"8":{"start":{"line":15,"column":20},"end":{"line":15,"column":47}},"9":{"start":{"line":16,"column":19},"end":{"line":16,"column":96}},"10":{"start":{"line":17,"column":4},"end":{"line":20,"column":7}},"11":{"start":{"line":18,"column":8},"end":{"line":18,"column":58}},"12":{"start":{"line":19,"column":8},"end":{"line":19,"column":40}},"13":{"start":{"line":23,"column":20},"end":{"line":37,"column":1}},"14":{"start":{"line":25,"column":18},"end":{"line":30,"column":5}},"15":{"start":{"line":31,"column":21},"end":{"line":31,"column":91}},"16":{"start":{"line":32,"column":4},"end":{"line":36,"column":5}},"17":{"start":{"line":33,"column":8},"end":{"line":33,"column":31}},"18":{"start":{"line":35,"column":8},"end":{"line":35,"column":96}},"19":{"start":{"line":39,"column":20},"end":{"line":54,"column":1}},"20":{"start":{"line":41,"column":20},"end":{"line":41,"column":47}},"21":{"start":{"line":42,"column":18},"end":{"line":47,"column":5}},"22":{"start":{"line":48,"column":21},"end":{"line":48,"column":110}},"23":{"start":{"line":49,"column":4},"end":{"line":53,"column":5}},"24":{"start":{"line":50,"column":8},"end":{"line":50,"column":31}},"25":{"start":{"line":52,"column":8},"end":{"line":52,"column":96}},"26":{"start":{"line":56,"column":20},"end":{"line":65,"column":1}},"27":{"start":{"line":58,"column":20},"end":{"line":58,"column":47}},"28":{"start":{"line":59,"column":21},"end":{"line":59,"column":102}},"29":{"start":{"line":60,"column":4},"end":{"line":64,"column":5}},"30":{"start":{"line":61,"column":8},"end":{"line":61,"column":31}},"31":{"start":{"line":63,"column":8},"end":{"line":63,"column":96}},"32":{"start":{"line":69,"column":0},"end":{"line":75,"column":1}}},"fnMap":{"0":{"name":"(anonymous_0)","decl":{"start":{"line":4,"column":15},"end":{"line":4,"column":16}},"loc":{"start":{"line":4,"column":35},"end":{"line":11,"column":1}},"line":4},"1":{"name":"(anonymous_1)","decl":{"start":{"line":7,"column":26},"end":{"line":7,"column":27}},"loc":{"start":{"line":7,"column":38},"end":{"line":10,"column":5}},"line":7},"2":{"name":"(anonymous_2)","decl":{"start":{"line":13,"column":18},"end":{"line":13,"column":19}},"loc":{"start":{"line":13,"column":38},"end":{"line":21,"column":1}},"line":13},"3":{"name":"(anonymous_3)","decl":{"start":{"line":17,"column":26},"end":{"line":17,"column":27}},"loc":{"start":{"line":17,"column":38},"end":{"line":20,"column":5}},"line":17},"4":{"name":"(anonymous_4)","decl":{"start":{"line":23,"column":20},"end":{"line":23,"column":21}},"loc":{"start":{"line":23,"column":40},"end":{"line":37,"column":1}},"line":23},"5":{"name":"(anonymous_5)","decl":{"start":{"line":39,"column":20},"end":{"line":39,"column":21}},"loc":{"start":{"line":39,"column":40},"end":{"line":54,"column":1}},"line":39},"6":{"name":"(anonymous_6)","decl":{"start":{"line":56,"column":20},"end":{"line":56,"column":21}},"loc":{"start":{"line":56,"column":40},"end":{"line":65,"column":1}},"line":56}},"branchMap":{"0":{"loc":{"start":{"line":32,"column":4},"end":{"line":36,"column":5}},"type":"if","locations":[{"start":{"line":32,"column":4},"end":{"line":36,"column":5}},{"start":{"line":34,"column":11},"end":{"line":36,"column":5}}],"line":32},"1":{"loc":{"start":{"line":35,"column":29},"end":{"line":35,"column":94}},"type":"binary-expr","locations":[{"start":{"line":35,"column":29},"end":{"line":35,"column":43}},{"start":{"line":35,"column":47},"end":{"line":35,"column":94}}],"line":35},"2":{"loc":{"start":{"line":49,"column":4},"end":{"line":53,"column":5}},"type":"if","locations":[{"start":{"line":49,"column":4},"end":{"line":53,"column":5}},{"start":{"line":51,"column":11},"end":{"line":53,"column":5}}],"line":49},"3":{"loc":{"start":{"line":52,"column":29},"end":{"line":52,"column":94}},"type":"binary-expr","locations":[{"start":{"line":52,"column":29},"end":{"line":52,"column":43}},{"start":{"line":52,"column":47},"end":{"line":52,"column":94}}],"line":52},"4":{"loc":{"start":{"line":60,"column":4},"end":{"line":64,"column":5}},"type":"if","locations":[{"start":{"line":60,"column":4},"end":{"line":64,"column":5}},{"start":{"line":62,"column":11},"end":{"line":64,"column":5}}],"line":60},"5":{"loc":{"start":{"line":63,"column":29},"end":{"line":63,"column":94}},"type":"binary-expr","locations":[{"start":{"line":63,"column":29},"end":{"line":63,"column":43}},{"start":{"line":63,"column":47},"end":{"line":63,"column":94}}],"line":63}},"s":{"0":1,"1":1,"2":1,"3":0,"4":0,"5":0,"6":0,"7":1,"8":0,"9":0,"10":0,"11":0,"12":0,"13":1,"14":0,"15":0,"16":0,"17":0,"18":0,"19":1,"20":0,"21":0,"22":0,"23":0,"24":0,"25":0,"26":1,"27":0,"28":0,"29":0,"30":0,"31":0,"32":1},"f":{"0":0,"1":0,"2":0,"3":0,"4":0,"5":0,"6":0},"b":{"0":[0,0],"1":[0,0],"2":[0,0],"3":[0,0],"4":[0,0],"5":[0,0]},"_coverageSchema":"1a1c01bbd47fc00a2c39e90264f33305004495a9","hash":"a19b2277371be6e4f2a03a0bb37213537cd89dc0"}
,"C:\\Users\\matth\\OneDrive\\Documents\\Fall 2024\\Web Services\\Sports-Stop\\controllers\\users.js": {"path":"C:\\Users\\matth\\OneDrive\\Documents\\Fall 2024\\Web Services\\Sports-Stop\\controllers\\users.js","statementMap":{"0":{"start":{"line":1,"column":16},"end":{"line":1,"column":43}},"1":{"start":{"line":2,"column":17},"end":{"line":2,"column":44}},"2":{"start":{"line":4,"column":15},"end":{"line":11,"column":1}},"3":{"start":{"line":6,"column":19},"end":{"line":6,"column":78}},"4":{"start":{"line":7,"column":4},"end":{"line":10,"column":7}},"5":{"start":{"line":8,"column":8},"end":{"line":8,"column":58}},"6":{"start":{"line":9,"column":8},"end":{"line":9,"column":36}},"7":{"start":{"line":13,"column":18},"end":{"line":21,"column":1}},"8":{"start":{"line":15,"column":19},"end":{"line":15,"column":46}},"9":{"start":{"line":16,"column":19},"end":{"line":16,"column":94}},"10":{"start":{"line":17,"column":4},"end":{"line":20,"column":7}},"11":{"start":{"line":18,"column":8},"end":{"line":18,"column":58}},"12":{"start":{"line":19,"column":8},"end":{"line":19,"column":39}},"13":{"start":{"line":23,"column":19},"end":{"line":38,"column":1}},"14":{"start":{"line":25,"column":17},"end":{"line":31,"column":5}},"15":{"start":{"line":32,"column":21},"end":{"line":32,"column":89}},"16":{"start":{"line":33,"column":4},"end":{"line":37,"column":5}},"17":{"start":{"line":34,"column":8},"end":{"line":34,"column":31}},"18":{"start":{"line":36,"column":8},"end":{"line":36,"column":95}},"19":{"start":{"line":40,"column":19},"end":{"line":56,"column":1}},"20":{"start":{"line":42,"column":19},"end":{"line":42,"column":46}},"21":{"start":{"line":43,"column":17},"end":{"line":49,"column":5}},"22":{"start":{"line":50,"column":21},"end":{"line":50,"column":107}},"23":{"start":{"line":51,"column":4},"end":{"line":55,"column":5}},"24":{"start":{"line":52,"column":8},"end":{"line":52,"column":31}},"25":{"start":{"line":54,"column":8},"end":{"line":54,"column":95}},"26":{"start":{"line":58,"column":19},"end":{"line":67,"column":1}},"27":{"start":{"line":60,"column":19},"end":{"line":60,"column":46}},"28":{"start":{"line":61,"column":21},"end":{"line":61,"column":100}},"29":{"start":{"line":62,"column":4},"end":{"line":66,"column":5}},"30":{"start":{"line":63,"column":8},"end":{"line":63,"column":31}},"31":{"start":{"line":65,"column":8},"end":{"line":65,"column":95}},"32":{"start":{"line":71,"column":0},"end":{"line":77,"column":1}}},"fnMap":{"0":{"name":"(anonymous_0)","decl":{"start":{"line":4,"column":15},"end":{"line":4,"column":16}},"loc":{"start":{"line":4,"column":35},"end":{"line":11,"column":1}},"line":4},"1":{"name":"(anonymous_1)","decl":{"start":{"line":7,"column":26},"end":{"line":7,"column":27}},"loc":{"start":{"line":7,"column":37},"end":{"line":10,"column":5}},"line":7},"2":{"name":"(anonymous_2)","decl":{"start":{"line":13,"column":18},"end":{"line":13,"column":19}},"loc":{"start":{"line":13,"column":38},"end":{"line":21,"column":1}},"line":13},"3":{"name":"(anonymous_3)","decl":{"start":{"line":17,"column":26},"end":{"line":17,"column":27}},"loc":{"start":{"line":17,"column":37},"end":{"line":20,"column":5}},"line":17},"4":{"name":"(anonymous_4)","decl":{"start":{"line":23,"column":19},"end":{"line":23,"column":20}},"loc":{"start":{"line":23,"column":39},"end":{"line":38,"column":1}},"line":23},"5":{"name":"(anonymous_5)","decl":{"start":{"line":40,"column":19},"end":{"line":40,"column":20}},"loc":{"start":{"line":40,"column":39},"end":{"line":56,"column":1}},"line":40},"6":{"name":"(anonymous_6)","decl":{"start":{"line":58,"column":19},"end":{"line":58,"column":20}},"loc":{"start":{"line":58,"column":39},"end":{"line":67,"column":1}},"line":58}},"branchMap":{"0":{"loc":{"start":{"line":33,"column":4},"end":{"line":37,"column":5}},"type":"if","locations":[{"start":{"line":33,"column":4},"end":{"line":37,"column":5}},{"start":{"line":35,"column":11},"end":{"line":37,"column":5}}],"line":33},"1":{"loc":{"start":{"line":36,"column":29},"end":{"line":36,"column":93}},"type":"binary-expr","locations":[{"start":{"line":36,"column":29},"end":{"line":36,"column":43}},{"start":{"line":36,"column":47},"end":{"line":36,"column":93}}],"line":36},"2":{"loc":{"start":{"line":51,"column":4},"end":{"line":55,"column":5}},"type":"if","locations":[{"start":{"line":51,"column":4},"end":{"line":55,"column":5}},{"start":{"line":53,"column":11},"end":{"line":55,"column":5}}],"line":51},"3":{"loc":{"start":{"line":54,"column":29},"end":{"line":54,"column":93}},"type":"binary-expr","locations":[{"start":{"line":54,"column":29},"end":{"line":54,"column":43}},{"start":{"line":54,"column":47},"end":{"line":54,"column":93}}],"line":54},"4":{"loc":{"start":{"line":62,"column":4},"end":{"line":66,"column":5}},"type":"if","locations":[{"start":{"line":62,"column":4},"end":{"line":66,"column":5}},{"start":{"line":64,"column":11},"end":{"line":66,"column":5}}],"line":62},"5":{"loc":{"start":{"line":65,"column":29},"end":{"line":65,"column":93}},"type":"binary-expr","locations":[{"start":{"line":65,"column":29},"end":{"line":65,"column":43}},{"start":{"line":65,"column":47},"end":{"line":65,"column":93}}],"line":65}},"s":{"0":1,"1":1,"2":1,"3":0,"4":0,"5":0,"6":0,"7":1,"8":0,"9":0,"10":0,"11":0,"12":0,"13":1,"14":0,"15":0,"16":0,"17":0,"18":0,"19":1,"20":0,"21":0,"22":0,"23":0,"24":0,"25":0,"26":1,"27":0,"28":0,"29":0,"30":0,"31":0,"32":1},"f":{"0":0,"1":0,"2":0,"3":0,"4":0,"5":0,"6":0},"b":{"0":[0,0],"1":[0,0],"2":[0,0],"3":[0,0],"4":[0,0],"5":[0,0]},"_coverageSchema":"1a1c01bbd47fc00a2c39e90264f33305004495a9","hash":"bcd810c840bdc23b03132c26a3e16ffbaf093c81"}
,"C:\\Users\\matth\\OneDrive\\Documents\\Fall 2024\\Web Services\\Sports-Stop\\data\\database.js": {"path":"C:\\Users\\matth\\OneDrive\\Documents\\Fall 2024\\Web Services\\Sports-Stop\\data\\database.js","statementMap":{"0":{"start":{"line":1,"column":15},"end":{"line":1,"column":32}},"1":{"start":{"line":2,"column":0},"end":{"line":2,"column":16}},"2":{"start":{"line":4,"column":20},"end":{"line":4,"column":50}},"3":{"start":{"line":8,"column":15},"end":{"line":22,"column":1}},"4":{"start":{"line":9,"column":4},"end":{"line":13,"column":5}},"5":{"start":{"line":10,"column":8},"end":{"line":10,"column":51}},"6":{"start":{"line":11,"column":8},"end":{"line":11,"column":40}},"7":{"start":{"line":14,"column":4},"end":{"line":21,"column":7}},"8":{"start":{"line":16,"column":8},"end":{"line":16,"column":26}},"9":{"start":{"line":17,"column":8},"end":{"line":17,"column":33}},"10":{"start":{"line":20,"column":8},"end":{"line":20,"column":22}},"11":{"start":{"line":24,"column":20},"end":{"line":29,"column":1}},"12":{"start":{"line":25,"column":4},"end":{"line":27,"column":5}},"13":{"start":{"line":26,"column":8},"end":{"line":26,"column":47}},"14":{"start":{"line":28,"column":4},"end":{"line":28,"column":19}},"15":{"start":{"line":31,"column":0},"end":{"line":34,"column":2}}},"fnMap":{"0":{"name":"(anonymous_0)","decl":{"start":{"line":8,"column":15},"end":{"line":8,"column":16}},"loc":{"start":{"line":8,"column":29},"end":{"line":22,"column":1}},"line":8},"1":{"name":"(anonymous_1)","decl":{"start":{"line":15,"column":10},"end":{"line":15,"column":11}},"loc":{"start":{"line":15,"column":22},"end":{"line":18,"column":5}},"line":15},"2":{"name":"(anonymous_2)","decl":{"start":{"line":19,"column":11},"end":{"line":19,"column":12}},"loc":{"start":{"line":19,"column":20},"end":{"line":21,"column":5}},"line":19},"3":{"name":"(anonymous_3)","decl":{"start":{"line":24,"column":20},"end":{"line":24,"column":21}},"loc":{"start":{"line":24,"column":26},"end":{"line":29,"column":1}},"line":24}},"branchMap":{"0":{"loc":{"start":{"line":9,"column":4},"end":{"line":13,"column":5}},"type":"if","locations":[{"start":{"line":9,"column":4},"end":{"line":13,"column":5}},{"start":{},"end":{}}],"line":9},"1":{"loc":{"start":{"line":25,"column":4},"end":{"line":27,"column":5}},"type":"if","locations":[{"start":{"line":25,"column":4},"end":{"line":27,"column":5}},{"start":{},"end":{}}],"line":25}},"s":{"0":1,"1":1,"2":1,"3":1,"4":1,"5":0,"6":0,"7":1,"8":0,"9":0,"10":0,"11":1,"12":0,"13":0,"14":0,"15":1},"f":{"0":1,"1":0,"2":0,"3":0},"b":{"0":[0,1],"1":[0,0]},"_coverageSchema":"1a1c01bbd47fc00a2c39e90264f33305004495a9","hash":"d1632079649bdc31e7b659f4012a931b1833c4ca"}
,"C:\\Users\\matth\\OneDrive\\Documents\\Fall 2024\\Web Services\\Sports-Stop\\middleware\\authenticate.js": {"path":"C:\\Users\\matth\\OneDrive\\Documents\\Fall 2024\\Web Services\\Sports-Stop\\middleware\\authenticate.js","statementMap":{"0":{"start":{"line":2,"column":24},"end":{"line":9,"column":1}},"1":{"start":{"line":3,"column":4},"end":{"line":5,"column":5}},"2":{"start":{"line":4,"column":8},"end":{"line":4,"column":62}},"3":{"start":{"line":7,"column":4},"end":{"line":7,"column":11}},"4":{"start":{"line":11,"column":0},"end":{"line":13,"column":1}}},"fnMap":{"0":{"name":"(anonymous_0)","decl":{"start":{"line":2,"column":24},"end":{"line":2,"column":25}},"loc":{"start":{"line":2,"column":44},"end":{"line":9,"column":1}},"line":2}},"branchMap":{"0":{"loc":{"start":{"line":3,"column":4},"end":{"line":5,"column":5}},"type":"if","locations":[{"start":{"line":3,"column":4},"end":{"line":5,"column":5}},{"start":{},"end":{}}],"line":3}},"s":{"0":1,"1":0,"2":0,"3":0,"4":1},"f":{"0":0},"b":{"0":[0,0]},"_coverageSchema":"1a1c01bbd47fc00a2c39e90264f33305004495a9","hash":"88c4af5bda057ede99d3ec39a4a70b5a027b8023"}
,"C:\\Users\\matth\\OneDrive\\Documents\\Fall 2024\\Web Services\\Sports-Stop\\routes\\auction.js": {"path":"C:\\Users\\matth\\OneDrive\\Documents\\Fall 2024\\Web Services\\Sports-Stop\\routes\\auction.js","statementMap":{"0":{"start":{"line":1,"column":16},"end":{"line":1,"column":34}},"1":{"start":{"line":2,"column":15},"end":{"line":2,"column":31}},"2":{"start":{"line":4,"column":26},"end":{"line":4,"column":59}},"3":{"start":{"line":5,"column":28},"end":{"line":5,"column":65}},"4":{"start":{"line":6,"column":0},"end":{"line":6,"column":42}},"5":{"start":{"line":8,"column":0},"end":{"line":8,"column":48}},"6":{"start":{"line":10,"column":0},"end":{"line":10,"column":67}},"7":{"start":{"line":12,"column":0},"end":{"line":12,"column":69}},"8":{"start":{"line":14,"column":0},"end":{"line":14,"column":72}},"9":{"start":{"line":16,"column":0},"end":{"line":16,"column":24}}},"fnMap":{},"branchMap":{},"s":{"0":1,"1":1,"2":1,"3":1,"4":1,"5":1,"6":1,"7":1,"8":1,"9":1},"f":{},"b":{},"_coverageSchema":"1a1c01bbd47fc00a2c39e90264f33305004495a9","hash":"7cc9de805b11aba2e7285f471de411509349b613"}
,"C:\\Users\\matth\\OneDrive\\Documents\\Fall 2024\\Web Services\\Sports-Stop\\routes\\index.js": {"path":"C:\\Users\\matth\\OneDrive\\Documents\\Fall 2024\\Web Services\\Sports-Stop\\routes\\index.js","statementMap":{"0":{"start":{"line":1,"column":15},"end":{"line":1,"column":42}},"1":{"start":{"line":2,"column":17},"end":{"line":2,"column":36}},"2":{"start":{"line":4,"column":0},"end":{"line":4,"column":38}},"3":{"start":{"line":6,"column":0},"end":{"line":6,"column":46}},"4":{"start":{"line":8,"column":0},"end":{"line":8,"column":41}},"5":{"start":{"line":10,"column":0},"end":{"line":10,"column":45}},"6":{"start":{"line":12,"column":0},"end":{"line":12,"column":43}},"7":{"start":{"line":14,"column":0},"end":{"line":14,"column":71}},"8":{"start":{"line":16,"column":0},"end":{"line":21,"column":3}},"9":{"start":{"line":17,"column":4},"end":{"line":20,"column":7}},"10":{"start":{"line":18,"column":8},"end":{"line":18,"column":38}},"11":{"start":{"line":18,"column":19},"end":{"line":18,"column":36}},"12":{"start":{"line":19,"column":8},"end":{"line":19,"column":26}},"13":{"start":{"line":24,"column":0},"end":{"line":24,"column":24}}},"fnMap":{"0":{"name":"(anonymous_0)","decl":{"start":{"line":14,"column":54},"end":{"line":14,"column":55}},"loc":{"start":{"line":14,"column":68},"end":{"line":14,"column":70}},"line":14},"1":{"name":"(anonymous_1)","decl":{"start":{"line":16,"column":22},"end":{"line":16,"column":23}},"loc":{"start":{"line":16,"column":47},"end":{"line":21,"column":1}},"line":16},"2":{"name":"(anonymous_2)","decl":{"start":{"line":17,"column":15},"end":{"line":17,"column":16}},"loc":{"start":{"line":17,"column":29},"end":{"line":20,"column":5}},"line":17}},"branchMap":{"0":{"loc":{"start":{"line":18,"column":8},"end":{"line":18,"column":38}},"type":"if","locations":[{"start":{"line":18,"column":8},"end":{"line":18,"column":38}},{"start":{},"end":{}}],"line":18}},"s":{"0":1,"1":1,"2":1,"3":1,"4":1,"5":1,"6":1,"7":1,"8":1,"9":0,"10":0,"11":0,"12":0,"13":1},"f":{"0":0,"1":0,"2":0},"b":{"0":[0,0]},"_coverageSchema":"1a1c01bbd47fc00a2c39e90264f33305004495a9","hash":"78c193169dacb59460c6cd6d93420836fc1b8ef3"}
,"C:\\Users\\matth\\OneDrive\\Documents\\Fall 2024\\Web Services\\Sports-Stop\\routes\\reviews.js": {"path":"C:\\Users\\matth\\OneDrive\\Documents\\Fall 2024\\Web Services\\Sports-Stop\\routes\\reviews.js","statementMap":{"0":{"start":{"line":1,"column":16},"end":{"line":1,"column":34}},"1":{"start":{"line":2,"column":15},"end":{"line":2,"column":31}},"2":{"start":{"line":4,"column":26},"end":{"line":4,"column":59}},"3":{"start":{"line":5,"column":28},"end":{"line":5,"column":65}},"4":{"start":{"line":6,"column":0},"end":{"line":6,"column":42}},"5":{"start":{"line":8,"column":0},"end":{"line":8,"column":48}},"6":{"start":{"line":10,"column":0},"end":{"line":10,"column":66}},"7":{"start":{"line":12,"column":0},"end":{"line":12,"column":68}},"8":{"start":{"line":14,"column":0},"end":{"line":14,"column":71}},"9":{"start":{"line":16,"column":0},"end":{"line":16,"column":24}}},"fnMap":{},"branchMap":{},"s":{"0":1,"1":1,"2":1,"3":1,"4":1,"5":1,"6":1,"7":1,"8":1,"9":1},"f":{},"b":{},"_coverageSchema":"1a1c01bbd47fc00a2c39e90264f33305004495a9","hash":"39874398710c117475de05f5a9f8a68fe4fcdb92"}
,"C:\\Users\\matth\\OneDrive\\Documents\\Fall 2024\\Web Services\\Sports-Stop\\routes\\stores.js": {"path":"C:\\Users\\matth\\OneDrive\\Documents\\Fall 2024\\Web Services\\Sports-Stop\\routes\\stores.js","statementMap":{"0":{"start":{"line":1,"column":16},"end":{"line":1,"column":34}},"1":{"start":{"line":2,"column":15},"end":{"line":2,"column":31}},"2":{"start":{"line":4,"column":24},"end":{"line":4,"column":56}},"3":{"start":{"line":5,"column":28},"end":{"line":5,"column":65}},"4":{"start":{"line":6,"column":0},"end":{"line":6,"column":40}},"5":{"start":{"line":8,"column":0},"end":{"line":8,"column":46}},"6":{"start":{"line":10,"column":0},"end":{"line":10,"column":63}},"7":{"start":{"line":12,"column":0},"end":{"line":12,"column":65}},"8":{"start":{"line":14,"column":0},"end":{"line":14,"column":68}},"9":{"start":{"line":16,"column":0},"end":{"line":16,"column":24}}},"fnMap":{},"branchMap":{},"s":{"0":1,"1":1,"2":1,"3":1,"4":1,"5":1,"6":1,"7":1,"8":1,"9":1},"f":{},"b":{},"_coverageSchema":"1a1c01bbd47fc00a2c39e90264f33305004495a9","hash":"90c735038debfd9ef87343f7b0f1b44980bcc4b9"}
,"C:\\Users\\matth\\OneDrive\\Documents\\Fall 2024\\Web Services\\Sports-Stop\\routes\\swagger.js": {"path":"C:\\Users\\matth\\OneDrive\\Documents\\Fall 2024\\Web Services\\Sports-Stop\\routes\\swagger.js","statementMap":{"0":{"start":{"line":1,"column":15},"end":{"line":1,"column":42}},"1":{"start":{"line":2,"column":18},"end":{"line":2,"column":47}},"2":{"start":{"line":3,"column":24},"end":{"line":3,"column":50}},"3":{"start":{"line":5,"column":0},"end":{"line":5,"column":41}},"4":{"start":{"line":6,"column":0},"end":{"line":6,"column":58}},"5":{"start":{"line":8,"column":0},"end":{"line":8,"column":24}}},"fnMap":{},"branchMap":{},"s":{"0":1,"1":1,"2":1,"3":1,"4":1,"5":1},"f":{},"b":{},"_coverageSchema":"1a1c01bbd47fc00a2c39e90264f33305004495a9","hash":"d921af7b03a2abe0658ad395b8a1dc895107f48e"}
,"C:\\Users\\matth\\OneDrive\\Documents\\Fall 2024\\Web Services\\Sports-Stop\\routes\\users.js": {"path":"C:\\Users\\matth\\OneDrive\\Documents\\Fall 2024\\Web Services\\Sports-Stop\\routes\\users.js","statementMap":{"0":{"start":{"line":1,"column":16},"end":{"line":1,"column":34}},"1":{"start":{"line":2,"column":15},"end":{"line":2,"column":31}},"2":{"start":{"line":4,"column":24},"end":{"line":4,"column":55}},"3":{"start":{"line":6,"column":28},"end":{"line":6,"column":65}},"4":{"start":{"line":8,"column":0},"end":{"line":8,"column":40}},"5":{"start":{"line":10,"column":0},"end":{"line":10,"column":46}},"6":{"start":{"line":12,"column":0},"end":{"line":12,"column":62}},"7":{"start":{"line":14,"column":0},"end":{"line":14,"column":64}},"8":{"start":{"line":16,"column":0},"end":{"line":16,"column":67}},"9":{"start":{"line":18,"column":0},"end":{"line":18,"column":24}}},"fnMap":{},"branchMap":{},"s":{"0":1,"1":1,"2":1,"3":1,"4":1,"5":1,"6":1,"7":1,"8":1,"9":1},"f":{},"b":{},"_coverageSchema":"1a1c01bbd47fc00a2c39e90264f33305004495a9","hash":"eddc1cfca237f7ee7f36155b10c369fce98c855d"}
}
